::1 - - [09/Aug/2018:02:28:36 +0000] "GET /build/226c38c599bb2df91b21.hot-update.json HTTP/1.1" 404 278 "http://localhost:3000/" "Mozilla/5.0 (Windows NT 6.1; Win64; x64) AppleWebKit/537.36 (KHTML, like Gecko) Chrome/65.0.3325.181 Safari/537.36"
::1 - - [09/Aug/2018:02:28:36 +0000] "GET /favicon.ico HTTP/1.1" 404 278 "http://localhost:3000/" "Mozilla/5.0 (Windows NT 6.1; Win64; x64) AppleWebKit/537.36 (KHTML, like Gecko) Chrome/65.0.3325.181 Safari/537.36"
::1 - - [09/Aug/2018:02:43:22 +0000] "GET /build/00a23282e6b754901a17.hot-update.json HTTP/1.1" 404 278 "http://localhost:3000/" "Mozilla/5.0 (Windows NT 6.1; Win64; x64) AppleWebKit/537.36 (KHTML, like Gecko) Chrome/65.0.3325.181 Safari/537.36"
::1 - - [09/Aug/2018:02:49:21 +0000] "GET /build/9c12c6d248e683e13557.hot-update.json HTTP/1.1" 404 278 "http://localhost:3000/" "Mozilla/5.0 (Windows NT 6.1; Win64; x64) AppleWebKit/537.36 (KHTML, like Gecko) Chrome/65.0.3325.181 Safari/537.36"
::1 - - [09/Aug/2018:03:11:08 +0000] "POST /sigin HTTP/1.1" 500 278 "http://localhost:3000/" "Mozilla/5.0 (Windows NT 6.1; Win64; x64) AppleWebKit/537.36 (KHTML, like Gecko) Chrome/65.0.3325.181 Safari/537.36"
::1 - - [09/Aug/2018:03:11:21 +0000] "POST /sigin HTTP/1.1" 500 278 "http://localhost:3000/" "Mozilla/5.0 (Windows NT 6.1; Win64; x64) AppleWebKit/537.36 (KHTML, like Gecko) Chrome/65.0.3325.181 Safari/537.36"
::1 - - [09/Aug/2018:03:11:29 +0000] "POST /sigin HTTP/1.1" 500 278 "http://localhost:3000/" "Mozilla/5.0 (Windows NT 6.1; Win64; x64) AppleWebKit/537.36 (KHTML, like Gecko) Chrome/65.0.3325.181 Safari/537.36"
::1 - - [09/Aug/2018:03:13:29 +0000] "POST /sigin HTTP/1.1" 500 278 "http://localhost:3000/" "Mozilla/5.0 (Windows NT 6.1; Win64; x64) AppleWebKit/537.36 (KHTML, like Gecko) Chrome/65.0.3325.181 Safari/537.36"
::1 - - [09/Aug/2018:03:14:14 +0000] "POST /sigin HTTP/1.1" 500 278 "http://localhost:3000/" "Mozilla/5.0 (Windows NT 6.1; Win64; x64) AppleWebKit/537.36 (KHTML, like Gecko) Chrome/65.0.3325.181 Safari/537.36"
::1 - - [09/Aug/2018:05:37:19 +0000] "GET /build/f7dcc5a7311f14580f01.hot-update.json HTTP/1.1" 404 278 "http://localhost:3000/" "Mozilla/5.0 (Windows NT 6.1; Win64; x64) AppleWebKit/537.36 (KHTML, like Gecko) Chrome/65.0.3325.181 Safari/537.36"
::1 - - [09/Aug/2018:07:31:37 +0000] "GET /build/5f2780ada718f45332e9.hot-update.json HTTP/1.1" 404 278 "http://localhost:3000/" "Mozilla/5.0 (Windows NT 6.1; Win64; x64) AppleWebKit/537.36 (KHTML, like Gecko) Chrome/65.0.3325.181 Safari/537.36"
::1 - - [09/Aug/2018:08:17:35 +0000] "GET /build/201957f9d60e39c54320.hot-update.json HTTP/1.1" 404 278 "http://localhost:3000/users" "Mozilla/5.0 (Windows NT 6.1; Win64; x64) AppleWebKit/537.36 (KHTML, like Gecko) Chrome/65.0.3325.181 Safari/537.36"
::1 - - [09/Aug/2018:08:55:08 +0000] "GET /build/010284f9c0c19e583f74.hot-update.json HTTP/1.1" 404 278 "http://localhost:3000/" "Mozilla/5.0 (Windows NT 6.1; Win64; x64) AppleWebKit/537.36 (KHTML, like Gecko) Chrome/65.0.3325.181 Safari/537.36"
::1 - - [09/Aug/2018:09:19:23 +0000] "GET /build/2c6766e82997f95050d6.hot-update.json HTTP/1.1" 404 278 "http://localhost:3000/users" "Mozilla/5.0 (Windows NT 6.1; Win64; x64) AppleWebKit/537.36 (KHTML, like Gecko) Chrome/65.0.3325.181 Safari/537.36"
::1 - - [09/Aug/2018:09:19:34 +0000] "POST /sigin HTTP/1.1" 500 278 "http://localhost:3000/" "Mozilla/5.0 (Windows NT 6.1; Win64; x64) AppleWebKit/537.36 (KHTML, like Gecko) Chrome/65.0.3325.181 Safari/537.36"
::1 - - [09/Aug/2018:09:27:05 +0000] "GET /favicon.ico HTTP/1.1" 404 278 "-" "Mozilla/5.0 (Windows NT 6.1; WOW64) AppleWebKit/537.36 (KHTML, like Gecko) Chrome/55.0.2883.87 Safari/537.36"
::1 - - [09/Aug/2018:09:27:24 +0000] "GET /favicon.ico HTTP/1.1" 404 278 "http://localhost:3000/" "Mozilla/5.0 (Windows NT 6.1; WOW64) AppleWebKit/537.36 (KHTML, like Gecko) Chrome/55.0.2883.87 Safari/537.36"
::1 - - [09/Aug/2018:09:27:25 +0000] "POST /sigin HTTP/1.1" 500 278 "http://localhost:3000/" "Mozilla/5.0 (Windows NT 6.1; WOW64) AppleWebKit/537.36 (KHTML, like Gecko) Chrome/55.0.2883.87 Safari/537.36"
::1 - - [09/Aug/2018:09:27:25 +0000] "GET /logo.ico HTTP/1.1" 404 278 "http://localhost:3000/users" "Mozilla/5.0 (Windows NT 6.1; WOW64) AppleWebKit/537.36 (KHTML, like Gecko) Chrome/55.0.2883.87 Safari/537.36"
::1 - - [09/Aug/2018:09:34:17 +0000] "GET /build/1c8d62d36ce91fed4364.hot-update.json HTTP/1.1" 404 278 "http://localhost:3000/users" "Mozilla/5.0 (Windows NT 6.1; Win64; x64) AppleWebKit/537.36 (KHTML, like Gecko) Chrome/65.0.3325.181 Safari/537.36"
::1 - - [09/Aug/2018:09:34:17 +0000] "GET /build/1c8d62d36ce91fed4364.hot-update.json HTTP/1.1" 404 278 "http://localhost:3000/users" "Mozilla/5.0 (Windows NT 6.1; WOW64) AppleWebKit/537.36 (KHTML, like Gecko) Chrome/55.0.2883.87 Safari/537.36"
::1 - - [09/Aug/2018:09:43:21 +0000] "POST /sigin HTTP/1.1" 500 278 "http://localhost:3000/" "Mozilla/5.0 (Windows NT 6.1; Win64; x64) AppleWebKit/537.36 (KHTML, like Gecko) Chrome/65.0.3325.181 Safari/537.36"
::1 - - [09/Aug/2018:09:43:22 +0000] "GET /build/a8e310dab848bf661887.hot-update.json HTTP/1.1" 404 278 "http://localhost:3000/" "Mozilla/5.0 (Windows NT 6.1; WOW64) AppleWebKit/537.36 (KHTML, like Gecko) Chrome/55.0.2883.87 Safari/537.36"
::1 - - [09/Aug/2018:09:45:49 +0000] "GET /build/5b29b27d2cf2504cdfc7.hot-update.json HTTP/1.1" 404 278 "http://localhost:3000/" "Mozilla/5.0 (Windows NT 6.1; WOW64) AppleWebKit/537.36 (KHTML, like Gecko) Chrome/55.0.2883.87 Safari/537.36"
::1 - - [09/Aug/2018:09:49:18 +0000] "POST /sigin HTTP/1.1" 500 278 "http://localhost:3000/" "Mozilla/5.0 (Windows NT 6.1; Win64; x64) AppleWebKit/537.36 (KHTML, like Gecko) Chrome/65.0.3325.181 Safari/537.36"
::1 - - [09/Aug/2018:09:49:22 +0000] "GET /build/b9375aa094a47889456d.hot-update.json HTTP/1.1" 404 278 "http://localhost:3000/" "Mozilla/5.0 (Windows NT 6.1; WOW64) AppleWebKit/537.36 (KHTML, like Gecko) Chrome/55.0.2883.87 Safari/537.36"
::1 - - [09/Aug/2018:09:52:58 +0000] "POST /sigin HTTP/1.1" 500 278 "http://localhost:3000/" "Mozilla/5.0 (Windows NT 6.1; Win64; x64) AppleWebKit/537.36 (KHTML, like Gecko) Chrome/65.0.3325.181 Safari/537.36"
::1 - - [09/Aug/2018:09:55:22 +0000] "GET /build/b45c8bf1b1a09558e474.hot-update.json HTTP/1.1" 404 278 "http://localhost:3000/users" "Mozilla/5.0 (Windows NT 6.1; Win64; x64) AppleWebKit/537.36 (KHTML, like Gecko) Chrome/65.0.3325.181 Safari/537.36"
::1 - - [09/Aug/2018:09:55:22 +0000] "GET /build/b45c8bf1b1a09558e474.hot-update.json HTTP/1.1" 404 278 "http://localhost:3000/" "Mozilla/5.0 (Windows NT 6.1; WOW64) AppleWebKit/537.36 (KHTML, like Gecko) Chrome/55.0.2883.87 Safari/537.36"
::1 - - [09/Aug/2018:09:56:10 +0000] "POST /sigin HTTP/1.1" 500 278 "http://localhost:3000/" "Mozilla/5.0 (Windows NT 6.1; Win64; x64) AppleWebKit/537.36 (KHTML, like Gecko) Chrome/65.0.3325.181 Safari/537.36"
::1 - - [09/Aug/2018:09:58:11 +0000] "POST /sigin HTTP/1.1" 500 278 "http://localhost:3000/" "Mozilla/5.0 (Windows NT 6.1; Win64; x64) AppleWebKit/537.36 (KHTML, like Gecko) Chrome/65.0.3325.181 Safari/537.36"
::1 - - [09/Aug/2018:09:58:14 +0000] "GET /build/06cf649fdd023ac73b95.hot-update.json HTTP/1.1" 404 278 "http://localhost:3000/" "Mozilla/5.0 (Windows NT 6.1; WOW64) AppleWebKit/537.36 (KHTML, like Gecko) Chrome/55.0.2883.87 Safari/537.36"
::1 - - [09/Aug/2018:09:59:17 +0000] "GET /build/bcec52dba929a7d8eb09.hot-update.json HTTP/1.1" 404 278 "http://localhost:3000/users" "Mozilla/5.0 (Windows NT 6.1; Win64; x64) AppleWebKit/537.36 (KHTML, like Gecko) Chrome/65.0.3325.181 Safari/537.36"
::1 - - [09/Aug/2018:09:59:17 +0000] "GET /build/bcec52dba929a7d8eb09.hot-update.json HTTP/1.1" 404 278 "http://localhost:3000/" "Mozilla/5.0 (Windows NT 6.1; WOW64) AppleWebKit/537.36 (KHTML, like Gecko) Chrome/55.0.2883.87 Safari/537.36"
::1 - - [09/Aug/2018:09:59:59 +0000] "POST /sigin HTTP/1.1" 500 278 "http://localhost:3000/" "Mozilla/5.0 (Windows NT 6.1; Win64; x64) AppleWebKit/537.36 (KHTML, like Gecko) Chrome/65.0.3325.181 Safari/537.36"
::1 - - [09/Aug/2018:09:59:59 +0000] "GET /build/2d5ffe18e833c849b8f6.hot-update.json HTTP/1.1" 404 278 "http://localhost:3000/" "Mozilla/5.0 (Windows NT 6.1; WOW64) AppleWebKit/537.36 (KHTML, like Gecko) Chrome/55.0.2883.87 Safari/537.36"
::1 - - [09/Aug/2018:10:02:32 +0000] "POST /sigin HTTP/1.1" 500 278 "http://localhost:3000/" "Mozilla/5.0 (Windows NT 6.1; Win64; x64) AppleWebKit/537.36 (KHTML, like Gecko) Chrome/65.0.3325.181 Safari/537.36"
::1 - - [09/Aug/2018:10:02:34 +0000] "GET /build/2358636436ebeea23383.hot-update.json HTTP/1.1" 404 278 "http://localhost:3000/" "Mozilla/5.0 (Windows NT 6.1; WOW64) AppleWebKit/537.36 (KHTML, like Gecko) Chrome/55.0.2883.87 Safari/537.36"
::1 - - [09/Aug/2018:10:03:32 +0000] "GET /build/34d87173de2cacb788a2.hot-update.json HTTP/1.1" 404 278 "http://localhost:3000/users" "Mozilla/5.0 (Windows NT 6.1; Win64; x64) AppleWebKit/537.36 (KHTML, like Gecko) Chrome/65.0.3325.181 Safari/537.36"
::1 - - [09/Aug/2018:10:03:32 +0000] "GET /build/34d87173de2cacb788a2.hot-update.json HTTP/1.1" 404 278 "http://localhost:3000/" "Mozilla/5.0 (Windows NT 6.1; WOW64) AppleWebKit/537.36 (KHTML, like Gecko) Chrome/55.0.2883.87 Safari/537.36"
