::1 - - [10/Aug/2018:01:13:06 +0000] "GET /favicon.ico HTTP/1.1" 404 278 "http://localhost:3000/" "Mozilla/5.0 (Windows NT 6.1; Win64; x64) AppleWebKit/537.36 (KHTML, like Gecko) Chrome/65.0.3325.181 Safari/537.36"
::1 - - [10/Aug/2018:01:13:10 +0000] "POST /sigin HTTP/1.1" 500 278 "http://localhost:3000/" "Mozilla/5.0 (Windows NT 6.1; Win64; x64) AppleWebKit/537.36 (KHTML, like Gecko) Chrome/65.0.3325.181 Safari/537.36"
::1 - - [10/Aug/2018:01:13:10 +0000] "GET /logo.ico HTTP/1.1" 404 278 "http://localhost:3000/users" "Mozilla/5.0 (Windows NT 6.1; Win64; x64) AppleWebKit/537.36 (KHTML, like Gecko) Chrome/65.0.3325.181 Safari/537.36"
::1 - - [10/Aug/2018:01:15:32 +0000] "GET /build/ed05f29eae0082ed5a9d.hot-update.json HTTP/1.1" 404 278 "http://localhost:3000/" "Mozilla/5.0 (Windows NT 6.1; Win64; x64) AppleWebKit/537.36 (KHTML, like Gecko) Chrome/65.0.3325.181 Safari/537.36"
::1 - - [10/Aug/2018:01:15:37 +0000] "POST /sigin HTTP/1.1" 500 278 "http://localhost:3000/" "Mozilla/5.0 (Windows NT 6.1; Win64; x64) AppleWebKit/537.36 (KHTML, like Gecko) Chrome/65.0.3325.181 Safari/537.36"
::1 - - [10/Aug/2018:01:17:00 +0000] "POST /sigin HTTP/1.1" 500 278 "http://localhost:3000/" "Mozilla/5.0 (Windows NT 6.1; Win64; x64) AppleWebKit/537.36 (KHTML, like Gecko) Chrome/65.0.3325.181 Safari/537.36"
::1 - - [10/Aug/2018:01:18:23 +0000] "GET /build/6cba632d3d6103681b77.hot-update.json HTTP/1.1" 404 278 "http://localhost:3000/users" "Mozilla/5.0 (Windows NT 6.1; Win64; x64) AppleWebKit/537.36 (KHTML, like Gecko) Chrome/65.0.3325.181 Safari/537.36"
::1 - - [10/Aug/2018:01:18:38 +0000] "POST /sigin HTTP/1.1" 500 278 "http://localhost:3000/" "Mozilla/5.0 (Windows NT 6.1; Win64; x64) AppleWebKit/537.36 (KHTML, like Gecko) Chrome/65.0.3325.181 Safari/537.36"
::1 - - [10/Aug/2018:01:21:08 +0000] "POST /sigin HTTP/1.1" 500 278 "http://localhost:3000/" "Mozilla/5.0 (Windows NT 6.1; Win64; x64) AppleWebKit/537.36 (KHTML, like Gecko) Chrome/65.0.3325.181 Safari/537.36"
::1 - - [10/Aug/2018:01:22:14 +0000] "POST /sigin HTTP/1.1" 500 278 "http://localhost:3000/" "Mozilla/5.0 (Windows NT 6.1; Win64; x64) AppleWebKit/537.36 (KHTML, like Gecko) Chrome/65.0.3325.181 Safari/537.36"
::1 - - [10/Aug/2018:01:22:50 +0000] "POST /sigin HTTP/1.1" 500 278 "http://localhost:3000/" "Mozilla/5.0 (Windows NT 6.1; Win64; x64) AppleWebKit/537.36 (KHTML, like Gecko) Chrome/65.0.3325.181 Safari/537.36"
::1 - - [10/Aug/2018:01:27:35 +0000] "GET /favicon.ico HTTP/1.1" 404 278 "-" "Mozilla/5.0 (Windows NT 6.1; WOW64) AppleWebKit/537.36 (KHTML, like Gecko) Chrome/55.0.2883.87 Safari/537.36"
::1 - - [10/Aug/2018:01:27:37 +0000] "GET /favicon.ico HTTP/1.1" 404 278 "http://localhost:3000/" "Mozilla/5.0 (Windows NT 6.1; WOW64) AppleWebKit/537.36 (KHTML, like Gecko) Chrome/55.0.2883.87 Safari/537.36"
::1 - - [10/Aug/2018:01:27:54 +0000] "GET /logo.ico HTTP/1.1" 404 278 "http://localhost:3000/users" "Mozilla/5.0 (Windows NT 6.1; WOW64) AppleWebKit/537.36 (KHTML, like Gecko) Chrome/55.0.2883.87 Safari/537.36"
::1 - - [10/Aug/2018:01:29:13 +0000] "GET /build/8bb093b7396604bdb2da.hot-update.json HTTP/1.1" 404 278 "http://localhost:3000/" "Mozilla/5.0 (Windows NT 6.1; WOW64) AppleWebKit/537.36 (KHTML, like Gecko) Chrome/55.0.2883.87 Safari/537.36"
::1 - - [10/Aug/2018:01:56:39 +0000] "GET /build/a9d6b208e8ed6882978e.hot-update.json HTTP/1.1" 404 278 "http://localhost:3000/users" "Mozilla/5.0 (Windows NT 6.1; Win64; x64) AppleWebKit/537.36 (KHTML, like Gecko) Chrome/65.0.3325.181 Safari/537.36"
::1 - - [10/Aug/2018:01:56:39 +0000] "GET /build/a9d6b208e8ed6882978e.hot-update.json HTTP/1.1" 404 278 "http://localhost:3000/users" "Mozilla/5.0 (Windows NT 6.1; WOW64) AppleWebKit/537.36 (KHTML, like Gecko) Chrome/55.0.2883.87 Safari/537.36"
::1 - - [10/Aug/2018:01:59:45 +0000] "GET /favicon.ico HTTP/1.1" 404 278 "-" "Mozilla/5.0 (Windows NT 6.1; WOW64) AppleWebKit/537.36 (KHTML, like Gecko) Chrome/55.0.2883.87 Safari/537.36"
::1 - - [10/Aug/2018:02:10:38 +0000] "GET /build/4f41a870726a05f876b6.hot-update.json HTTP/1.1" 404 278 "http://localhost:3000/" "Mozilla/5.0 (Windows NT 6.1; WOW64) AppleWebKit/537.36 (KHTML, like Gecko) Chrome/55.0.2883.87 Safari/537.36"
::1 - - [10/Aug/2018:02:10:38 +0000] "GET /build/4f41a870726a05f876b6.hot-update.json HTTP/1.1" 404 278 "http://localhost:3000/" "Mozilla/5.0 (Windows NT 6.1; Win64; x64) AppleWebKit/537.36 (KHTML, like Gecko) Chrome/65.0.3325.181 Safari/537.36"
::1 - - [10/Aug/2018:02:29:53 +0000] "GET /build/a9d6b208e8ed6882978e.hot-update.json HTTP/1.1" 404 278 "http://localhost:3000/" "Mozilla/5.0 (Windows NT 6.1; WOW64) AppleWebKit/537.36 (KHTML, like Gecko) Chrome/55.0.2883.87 Safari/537.36"
::1 - - [10/Aug/2018:02:29:53 +0000] "GET /build/a9d6b208e8ed6882978e.hot-update.json HTTP/1.1" 404 278 "http://localhost:3000/" "Mozilla/5.0 (Windows NT 6.1; Win64; x64) AppleWebKit/537.36 (KHTML, like Gecko) Chrome/65.0.3325.181 Safari/537.36"
::1 - - [10/Aug/2018:02:33:41 +0000] "GET /favicon.ico HTTP/1.1" 404 278 "-" "Mozilla/5.0 (Windows NT 6.1; WOW64) AppleWebKit/537.36 (KHTML, like Gecko) Chrome/55.0.2883.87 Safari/537.36"
::1 - - [10/Aug/2018:02:48:47 +0000] "GET /build/c2f91eabb20114a6f534.hot-update.json HTTP/1.1" 404 278 "http://localhost:3000/users" "Mozilla/5.0 (Windows NT 6.1; Win64; x64) AppleWebKit/537.36 (KHTML, like Gecko) Chrome/65.0.3325.181 Safari/537.36"
::1 - - [10/Aug/2018:02:48:47 +0000] "GET /build/c2f91eabb20114a6f534.hot-update.json HTTP/1.1" 404 278 "http://localhost:3000/users" "Mozilla/5.0 (Windows NT 6.1; WOW64) AppleWebKit/537.36 (KHTML, like Gecko) Chrome/55.0.2883.87 Safari/537.36"
::1 - - [10/Aug/2018:03:04:01 +0000] "GET /build/0c9dcd80f8984778d0a8.hot-update.json HTTP/1.1" 404 278 "http://localhost:3000/users" "Mozilla/5.0 (Windows NT 6.1; WOW64) AppleWebKit/537.36 (KHTML, like Gecko) Chrome/55.0.2883.87 Safari/537.36"
::1 - - [10/Aug/2018:03:04:02 +0000] "GET /build/0c9dcd80f8984778d0a8.hot-update.json HTTP/1.1" 404 278 "http://localhost:3000/users" "Mozilla/5.0 (Windows NT 6.1; Win64; x64) AppleWebKit/537.36 (KHTML, like Gecko) Chrome/65.0.3325.181 Safari/537.36"
::1 - - [10/Aug/2018:03:11:20 +0000] "GET /build/6d8f6d37e34da714162d.hot-update.json HTTP/1.1" 404 278 "http://localhost:3000/users" "Mozilla/5.0 (Windows NT 6.1; WOW64) AppleWebKit/537.36 (KHTML, like Gecko) Chrome/55.0.2883.87 Safari/537.36"
::1 - - [10/Aug/2018:03:11:21 +0000] "GET /build/6d8f6d37e34da714162d.hot-update.json HTTP/1.1" 404 278 "http://localhost:3000/users" "Mozilla/5.0 (Windows NT 6.1; Win64; x64) AppleWebKit/537.36 (KHTML, like Gecko) Chrome/65.0.3325.181 Safari/537.36"
::1 - - [10/Aug/2018:03:13:00 +0000] "GET /build/306536dd9c9b0a15218a.hot-update.json HTTP/1.1" 404 278 "http://localhost:3000/users" "Mozilla/5.0 (Windows NT 6.1; WOW64) AppleWebKit/537.36 (KHTML, like Gecko) Chrome/55.0.2883.87 Safari/537.36"
::1 - - [10/Aug/2018:03:28:40 +0000] "GET /build/d60bbdfb9418a96793f0.hot-update.json HTTP/1.1" 404 278 "http://localhost:3000/" "Mozilla/5.0 (Windows NT 6.1; Win64; x64) AppleWebKit/537.36 (KHTML, like Gecko) Chrome/65.0.3325.181 Safari/537.36"
::1 - - [10/Aug/2018:03:28:40 +0000] "GET /build/d60bbdfb9418a96793f0.hot-update.json HTTP/1.1" 404 278 "http://localhost:3000/" "Mozilla/5.0 (Windows NT 6.1; WOW64) AppleWebKit/537.36 (KHTML, like Gecko) Chrome/55.0.2883.87 Safari/537.36"
::1 - - [10/Aug/2018:06:01:40 +0000] "GET /build/1f0336ca5346a6af216b.hot-update.json HTTP/1.1" 404 278 "http://localhost:3000/users" "Mozilla/5.0 (Windows NT 6.1; Win64; x64) AppleWebKit/537.36 (KHTML, like Gecko) Chrome/65.0.3325.181 Safari/537.36"
::1 - - [10/Aug/2018:06:01:40 +0000] "GET /build/1f0336ca5346a6af216b.hot-update.json HTTP/1.1" 404 278 "http://localhost:3000/users" "Mozilla/5.0 (Windows NT 6.1; WOW64) AppleWebKit/537.36 (KHTML, like Gecko) Chrome/55.0.2883.87 Safari/537.36"
::1 - - [10/Aug/2018:06:03:43 +0000] "GET /build/d7e9b52a194a1e32f8c3.hot-update.json HTTP/1.1" 404 278 "http://localhost:3000/users" "Mozilla/5.0 (Windows NT 6.1; Win64; x64) AppleWebKit/537.36 (KHTML, like Gecko) Chrome/65.0.3325.181 Safari/537.36"
::1 - - [10/Aug/2018:06:03:43 +0000] "GET /build/d7e9b52a194a1e32f8c3.hot-update.json HTTP/1.1" 404 278 "http://localhost:3000/users" "Mozilla/5.0 (Windows NT 6.1; WOW64) AppleWebKit/537.36 (KHTML, like Gecko) Chrome/55.0.2883.87 Safari/537.36"
::1 - - [10/Aug/2018:06:16:31 +0000] "GET /build/ed05f29eae0082ed5a9d.hot-update.json HTTP/1.1" 404 278 "http://localhost:3000/" "Mozilla/5.0 (Windows NT 6.1; Win64; x64) AppleWebKit/537.36 (KHTML, like Gecko) Chrome/65.0.3325.181 Safari/537.36"
::1 - - [10/Aug/2018:06:16:31 +0000] "GET /build/ed05f29eae0082ed5a9d.hot-update.json HTTP/1.1" 404 278 "http://localhost:3000/" "Mozilla/5.0 (Windows NT 6.1; WOW64) AppleWebKit/537.36 (KHTML, like Gecko) Chrome/55.0.2883.87 Safari/537.36"
::1 - - [10/Aug/2018:06:21:50 +0000] "GET /build/f86aca193fc49f214241.hot-update.json HTTP/1.1" 404 278 "http://localhost:3000/" "Mozilla/5.0 (Windows NT 6.1; Win64; x64) AppleWebKit/537.36 (KHTML, like Gecko) Chrome/65.0.3325.181 Safari/537.36"
::1 - - [10/Aug/2018:06:21:50 +0000] "GET /build/f86aca193fc49f214241.hot-update.json HTTP/1.1" 404 278 "http://localhost:3000/" "Mozilla/5.0 (Windows NT 6.1; WOW64) AppleWebKit/537.36 (KHTML, like Gecko) Chrome/55.0.2883.87 Safari/537.36"
::1 - - [10/Aug/2018:06:25:01 +0000] "GET /build/346c0148fb33fe3f0d52.hot-update.json HTTP/1.1" 404 278 "http://localhost:3000/users" "Mozilla/5.0 (Windows NT 6.1; Win64; x64) AppleWebKit/537.36 (KHTML, like Gecko) Chrome/65.0.3325.181 Safari/537.36"
::1 - - [10/Aug/2018:06:25:01 +0000] "GET /build/346c0148fb33fe3f0d52.hot-update.json HTTP/1.1" 404 278 "http://localhost:3000/" "Mozilla/5.0 (Windows NT 6.1; WOW64) AppleWebKit/537.36 (KHTML, like Gecko) Chrome/55.0.2883.87 Safari/537.36"
::1 - - [10/Aug/2018:06:27:09 +0000] "GET /build/7f1672878fa44fb8ba5d.hot-update.json HTTP/1.1" 404 278 "http://localhost:3000/" "Mozilla/5.0 (Windows NT 6.1; WOW64) AppleWebKit/537.36 (KHTML, like Gecko) Chrome/55.0.2883.87 Safari/537.36"
::1 - - [10/Aug/2018:06:27:09 +0000] "GET /build/7f1672878fa44fb8ba5d.hot-update.json HTTP/1.1" 404 278 "http://localhost:3000/" "Mozilla/5.0 (Windows NT 6.1; Win64; x64) AppleWebKit/537.36 (KHTML, like Gecko) Chrome/65.0.3325.181 Safari/537.36"
::1 - - [10/Aug/2018:06:49:10 +0000] "GET /build/385714b021f2da77a8f7.hot-update.json HTTP/1.1" 404 278 "http://localhost:3000/" "Mozilla/5.0 (Windows NT 6.1; Win64; x64) AppleWebKit/537.36 (KHTML, like Gecko) Chrome/65.0.3325.181 Safari/537.36"
::1 - - [10/Aug/2018:06:49:10 +0000] "GET /build/385714b021f2da77a8f7.hot-update.json HTTP/1.1" 404 278 "http://localhost:3000/" "Mozilla/5.0 (Windows NT 6.1; WOW64) AppleWebKit/537.36 (KHTML, like Gecko) Chrome/55.0.2883.87 Safari/537.36"
::1 - - [10/Aug/2018:07:08:39 +0000] "GET /favicon.ico HTTP/1.1" 404 278 "-" "Mozilla/5.0 (Windows NT 6.1; WOW64) AppleWebKit/537.36 (KHTML, like Gecko) Chrome/55.0.2883.87 Safari/537.36"
::1 - - [10/Aug/2018:07:08:43 +0000] "GET /logo.ico HTTP/1.1" 404 278 "http://localhost:3000/users" "Mozilla/5.0 (Windows NT 6.1; WOW64) AppleWebKit/537.36 (KHTML, like Gecko) Chrome/55.0.2883.87 Safari/537.36"
::1 - - [10/Aug/2018:07:09:08 +0000] "GET /favicon.ico HTTP/1.1" 404 278 "http://localhost:3000/" "Mozilla/5.0 (Windows NT 6.1; WOW64) AppleWebKit/537.36 (KHTML, like Gecko) Chrome/55.0.2883.87 Safari/537.36"
::1 - - [10/Aug/2018:07:49:04 +0000] "GET /build/a9d6b208e8ed6882978e.hot-update.json HTTP/1.1" 404 278 "http://localhost:3000/users" "Mozilla/5.0 (Windows NT 6.1; Win64; x64) AppleWebKit/537.36 (KHTML, like Gecko) Chrome/65.0.3325.181 Safari/537.36"
::1 - - [10/Aug/2018:07:51:19 +0000] "GET /build/d3956f38ad51cba4d4fe.hot-update.json HTTP/1.1" 404 278 "http://localhost:3000/users" "Mozilla/5.0 (Windows NT 6.1; Win64; x64) AppleWebKit/537.36 (KHTML, like Gecko) Chrome/65.0.3325.181 Safari/537.36"
::1 - - [10/Aug/2018:07:57:12 +0000] "GET /user_info_get HTTP/1.1" 404 278 "http://localhost:3000/users" "Mozilla/5.0 (Windows NT 6.1; Win64; x64) AppleWebKit/537.36 (KHTML, like Gecko) Chrome/65.0.3325.181 Safari/537.36"
::1 - - [10/Aug/2018:07:57:12 +0000] "GET /user_info_get HTTP/1.1" 404 278 "http://localhost:3000/users" "Mozilla/5.0 (Windows NT 6.1; Win64; x64) AppleWebKit/537.36 (KHTML, like Gecko) Chrome/65.0.3325.181 Safari/537.36"
::1 - - [10/Aug/2018:08:02:50 +0000] "GET /build/74bae9a9d1cad344b248.hot-update.json HTTP/1.1" 404 278 "http://localhost:3000/users" "Mozilla/5.0 (Windows NT 6.1; Win64; x64) AppleWebKit/537.36 (KHTML, like Gecko) Chrome/65.0.3325.181 Safari/537.36"
::1 - - [10/Aug/2018:08:02:50 +0000] "GET /user_info_get HTTP/1.1" 404 278 "http://localhost:3000/users" "Mozilla/5.0 (Windows NT 6.1; Win64; x64) AppleWebKit/537.36 (KHTML, like Gecko) Chrome/65.0.3325.181 Safari/537.36"
::1 - - [10/Aug/2018:08:03:00 +0000] "GET /user_info_get HTTP/1.1" 404 278 "http://localhost:3000/users" "Mozilla/5.0 (Windows NT 6.1; Win64; x64) AppleWebKit/537.36 (KHTML, like Gecko) Chrome/65.0.3325.181 Safari/537.36"
::1 - - [10/Aug/2018:08:03:00 +0000] "GET /user_info_get HTTP/1.1" 404 278 "http://localhost:3000/users" "Mozilla/5.0 (Windows NT 6.1; Win64; x64) AppleWebKit/537.36 (KHTML, like Gecko) Chrome/65.0.3325.181 Safari/537.36"
::1 - - [10/Aug/2018:08:03:07 +0000] "GET /user_info_get HTTP/1.1" 404 278 "http://localhost:3000/users" "Mozilla/5.0 (Windows NT 6.1; Win64; x64) AppleWebKit/537.36 (KHTML, like Gecko) Chrome/65.0.3325.181 Safari/537.36"
::1 - - [10/Aug/2018:08:08:03 +0000] "GET /user_info_get HTTP/1.1" 404 278 "http://localhost:3000/users" "Mozilla/5.0 (Windows NT 6.1; Win64; x64) AppleWebKit/537.36 (KHTML, like Gecko) Chrome/65.0.3325.181 Safari/537.36"
::1 - - [10/Aug/2018:08:13:34 +0000] "GET /user_info_get HTTP/1.1" 404 278 "http://localhost:3000/users" "Mozilla/5.0 (Windows NT 6.1; Win64; x64) AppleWebKit/537.36 (KHTML, like Gecko) Chrome/65.0.3325.181 Safari/537.36"
::1 - - [10/Aug/2018:08:14:57 +0000] "GET /user_info_get HTTP/1.1" 404 278 "http://localhost:3000/users" "Mozilla/5.0 (Windows NT 6.1; Win64; x64) AppleWebKit/537.36 (KHTML, like Gecko) Chrome/65.0.3325.181 Safari/537.36"
::1 - - [10/Aug/2018:08:15:40 +0000] "GET /user/user_info_get HTTP/1.1" 404 278 "http://localhost:3000/users" "Mozilla/5.0 (Windows NT 6.1; Win64; x64) AppleWebKit/537.36 (KHTML, like Gecko) Chrome/65.0.3325.181 Safari/537.36"
::1 - - [10/Aug/2018:08:15:40 +0000] "GET /user/user_info_get HTTP/1.1" 404 278 "http://localhost:3000/users" "Mozilla/5.0 (Windows NT 6.1; Win64; x64) AppleWebKit/537.36 (KHTML, like Gecko) Chrome/65.0.3325.181 Safari/537.36"
::1 - - [10/Aug/2018:08:15:44 +0000] "GET /user/user_info_get HTTP/1.1" 404 278 "http://localhost:3000/users" "Mozilla/5.0 (Windows NT 6.1; Win64; x64) AppleWebKit/537.36 (KHTML, like Gecko) Chrome/65.0.3325.181 Safari/537.36"
::1 - - [10/Aug/2018:08:19:15 +0000] "GET /favicon.ico HTTP/1.1" 404 278 "-" "Mozilla/5.0 (Windows NT 6.1; WOW64) AppleWebKit/537.36 (KHTML, like Gecko) Chrome/55.0.2883.87 Safari/537.36"
::1 - - [10/Aug/2018:08:19:15 +0000] "GET /logo.ico HTTP/1.1" 404 278 "http://localhost:3000/users" "Mozilla/5.0 (Windows NT 6.1; WOW64) AppleWebKit/537.36 (KHTML, like Gecko) Chrome/55.0.2883.87 Safari/537.36"
::1 - - [10/Aug/2018:08:21:17 +0000] "GET /favicon.ico HTTP/1.1" 404 278 "-" "Mozilla/5.0 (Windows NT 6.1; WOW64) AppleWebKit/537.36 (KHTML, like Gecko) Chrome/55.0.2883.87 Safari/537.36"
::1 - - [10/Aug/2018:08:21:19 +0000] "GET /logo.ico HTTP/1.1" 404 278 "http://localhost:3000/users" "Mozilla/5.0 (Windows NT 6.1; WOW64) AppleWebKit/537.36 (KHTML, like Gecko) Chrome/55.0.2883.87 Safari/537.36"
::1 - - [10/Aug/2018:08:21:26 +0000] "GET /favicon.ico HTTP/1.1" 404 278 "-" "Mozilla/5.0 (Windows NT 6.1; WOW64) AppleWebKit/537.36 (KHTML, like Gecko) Chrome/55.0.2883.87 Safari/537.36"
::1 - - [10/Aug/2018:08:23:29 +0000] "GET /build/57d140a234406d1df71c.hot-update.json HTTP/1.1" 404 278 "http://localhost:3000/users" "Mozilla/5.0 (Windows NT 6.1; Win64; x64) AppleWebKit/537.36 (KHTML, like Gecko) Chrome/65.0.3325.181 Safari/537.36"
::1 - - [10/Aug/2018:08:25:05 +0000] "GET /favicon.ico HTTP/1.1" 404 278 "-" "Mozilla/5.0 (Windows NT 6.1; WOW64) AppleWebKit/537.36 (KHTML, like Gecko) Chrome/55.0.2883.87 Safari/537.36"
::1 - - [10/Aug/2018:08:25:06 +0000] "GET /favicon.ico HTTP/1.1" 404 278 "http://localhost:3000/" "Mozilla/5.0 (Windows NT 6.1; WOW64) AppleWebKit/537.36 (KHTML, like Gecko) Chrome/55.0.2883.87 Safari/537.36"
::1 - - [10/Aug/2018:08:27:08 +0000] "GET /favicon.ico HTTP/1.1" 404 278 "-" "Mozilla/5.0 (Windows NT 6.1; WOW64) AppleWebKit/537.36 (KHTML, like Gecko) Chrome/55.0.2883.87 Safari/537.36"
::1 - - [10/Aug/2018:08:27:10 +0000] "GET /favicon.ico HTTP/1.1" 404 278 "http://localhost:3000/" "Mozilla/5.0 (Windows NT 6.1; WOW64) AppleWebKit/537.36 (KHTML, like Gecko) Chrome/55.0.2883.87 Safari/537.36"
::1 - - [10/Aug/2018:08:32:56 +0000] "GET /logo.ico HTTP/1.1" 404 278 "http://localhost:3000/users" "Mozilla/5.0 (Windows NT 6.1; WOW64) AppleWebKit/537.36 (KHTML, like Gecko) Chrome/55.0.2883.87 Safari/537.36"
